2017-09-01 - 13:55:00
Workflow 'Update workflow.' started.
              Using DaVinci Configurator (beta)5.15.22 SP3 (x86_64).
 13:55:00 - Action 'Validate workflow environment' started.
 13:55:00 - Action 'Validate dpa file' started.
 13:55:00 - Action 'Validate dpa file' successfully finished.
 13:55:00 - Action 'SLP conformance check' started.
 13:55:00 - Action 'SLP conformance check' successfully finished.
 13:55:00 - Action 'Validate input files' started.
 13:55:01 - Action 'Validate input files' successfully finished.
 13:55:01 - Action 'Validate workflow environment' successfully finished.
 13:55:01 - Action 'File Pre Processing' started.
 13:55:01 - Action 'Processing the input files' started.
 13:55:01 - Action 'Processing' started.
 13:55:01 - Action 'Processing' successfully finished.
 13:55:01 - Action 'Evaluate system extract paths' started.
 13:55:01 - Action 'Evaluate system extract paths' successfully finished.
 13:55:01 - Action 'Processing the input files' successfully finished.
 13:55:01 - Action 'File Pre Processing' successfully finished.
 13:55:01 - Action 'Creating back up' started.
              Create backup folder: 'D:\usr\usage\Delivery\CBD17x\CBD1700369\D02\external\Applications\OEM_Extensions\BTLD\Backups\backup_dvpa_2017-09-01_13-55-00'.
              Copied project file from: 'D:\usr\usage\Delivery\CBD17x\CBD1700369\D02\external\Applications\OEM_Extensions\BTLD\BTLD.dpa' to 'D:\usr\usage\Delivery\CBD17x\CBD1700369\D02\external\Applications\OEM_Extensions\BTLD\Backups\backup_dvpa_2017-09-01_13-55-00\BTLD.dpa'.
              Copied ECUC folder from: 'D:\usr\usage\Delivery\CBD17x\CBD1700369\D02\external\Applications\OEM_Extensions\BTLD\Config\ECUC' to 'D:\usr\usage\Delivery\CBD17x\CBD1700369\D02\external\Applications\OEM_Extensions\BTLD\Backups\backup_dvpa_2017-09-01_13-55-00\Config\ECUC'.
              Copied 'System' folder from: 'D:\usr\usage\Delivery\CBD17x\CBD1700369\D02\external\Applications\OEM_Extensions\BTLD\Config\System' to 'D:\usr\usage\Delivery\CBD17x\CBD1700369\D02\external\Applications\OEM_Extensions\BTLD\Backups\backup_dvpa_2017-09-01_13-55-00\Config\System'.
              Copied DaVinci Developer Workspace folder from: 'D:\usr\usage\Delivery\CBD17x\CBD1700369\D02\external\Applications\OEM_Extensions\BTLD\Config\Developer' to 'D:\usr\usage\Delivery\CBD17x\CBD1700369\D02\external\Applications\OEM_Extensions\BTLD\Backups\backup_dvpa_2017-09-01_13-55-00\Config\Developer'.
              Copied BSW internal behavior folder from: 'D:\usr\usage\Delivery\CBD17x\CBD1700369\D02\external\Applications\OEM_Extensions\BTLD\Config\InternalBehavior' to 'D:\usr\usage\Delivery\CBD17x\CBD1700369\D02\external\Applications\OEM_Extensions\BTLD\Backups\backup_dvpa_2017-09-01_13-55-00\Config\InternalBehavior'.
              Copied SWC files folder from: 'D:\usr\usage\Delivery\CBD17x\CBD1700369\D02\external\Applications\OEM_Extensions\BTLD\Config\ServiceComponents' to 'D:\usr\usage\Delivery\CBD17x\CBD1700369\D02\external\Applications\OEM_Extensions\BTLD\Backups\backup_dvpa_2017-09-01_13-55-00\Config\ServiceComponents'.
              Copied Application Components files folder from: '[Lcom.vector.cfg.persistency.IPersistencyPath;@ce93ad5' to 'D:\usr\usage\Delivery\CBD17x\CBD1700369\D02\external\Applications\OEM_Extensions\BTLD\Backups\backup_dvpa_2017-09-01_13-55-00\Config\ApplicationComponents'.
              Copied Definition Restriction files folder from: 'D:\usr\usage\Delivery\CBD17x\CBD1700369\D02\external\Applications\OEM_Extensions\BTLD\DefRestrict' to 'D:\usr\usage\Delivery\CBD17x\CBD1700369\D02\external\Applications\OEM_Extensions\BTLD\Backups\backup_dvpa_2017-09-01_13-55-00\DefRestrict'.
 13:55:01 - Action 'Creating back up' successfully finished.
 13:55:01 - Action 'Close Project' started.
 13:55:03 - Action 'Close Project' successfully finished.
 13:55:07 - Action 'Create copy of the Project' started.
              Copy project 'D:\usr\usage\Delivery\CBD17x\CBD1700369\D02\external\Applications\OEM_Extensions\BTLD' to 'D:\TEMP\DaVinci\Cfg-6792181\Workflow\1504266907358-0'...
              Adjusting DPA file of copied project...
 13:55:07 - Action 'Create copy of the Project' successfully finished.
 13:55:08 - Action 'Prepare data for update' started.
 13:55:08 - Action 'Prepare data for update' successfully finished.
 13:55:08 - Action 'Prepare System Extract' started.
 13:55:09 - Action 'Preprocessing System Extract' started.
 13:55:09 - Action 'Preprocessing System Extract' successfully finished.
 13:55:09 - Action 'Create OEM Communication Extract' started.
 13:55:09 - Action 'Create OEM Communication Extract' successfully finished.
 13:55:09 - Action 'Prepare System Extract' successfully finished.
 13:55:09 - Action 'Updating the project' started.
 13:55:17 - Action 'Generate ECU configuration' started.
              [Warning] Error: COM52006: Invalid value defined for ComSignalInitValue: "null".
                          Extract Path: /BMW/SystemDescription/EcuInstances/EPS/con_EPS_A_FlexRay/sigPort_EPS_A_FlexRay_IN
                          Ecuc    Path: /Com/ComConfig/ANFRAGE_ID2_434514f6_In.
              [Warning] Error: COM52006: Invalid value defined for ComSignalInitValue: "null".
                          Extract Path: /BMW/SystemDescription/EcuInstances/EPS/con_EPS_A_FlexRay/sigPort_EPS_A_FlexRay_IN
                          Ecuc    Path: /Com/ComConfig/sn_809234ffb6e24e4eb85479b73d250d21_49_761b4cd9ec7e47aeb030258f54c21bfc_46_434514f6_In.
              [Warning] Error: COM52006: Invalid value defined for ComSignalInitValue: "null".
                          Extract Path: /BMW/SystemDescription/EcuInstances/EPS/con_EPS_A_FlexRay/sigPort_EPS_A_FlexRay_OUT
                          Ecuc    Path: /Com/ComConfig/ANFRAGE_ID2_434514f6_Out.
              [Warning] Error: COM52006: Invalid value defined for ComSignalInitValue: "null".
                          Extract Path: /BMW/SystemDescription/EcuInstances/EPS/con_EPS_A_FlexRay/sigPort_EPS_A_FlexRay_OUT
                          Ecuc    Path: /Com/ComConfig/sn_809234ffb6e24e4eb85479b73d250d21_49_761b4cd9ec7e47aeb030258f54c21bfc_46_434514f6_Out.
              [Warning] Error: COM52006: Invalid value defined for ComSignalInitValue: "null".
                          Extract Path: /BMW/SystemDescription/EcuInstances/EPS/con_EPS_A_FlexRay/sigPort_EPS_A_FlexRay_IN
                          Ecuc    Path: /Com/ComConfig/sn_d0ea1fc2c1ca4e2295bae82b1e156e9a_18_710f3e866b434077b7dd882156cb74d0_10_231d7192.
              [Warning] Error: COM52006: Invalid value defined for ComSignalInitValue: "null".
                          Extract Path: /BMW/SystemDescription/EcuInstances/EPS/con_EPS_A_FlexRay/sigPort_EPS_A_FlexRay_IN
                          Ecuc    Path: /Com/ComConfig/sn_eb2aaf9fde954786857e30879fbebab8_4_32a695e8944f440980b86e5c6a1148d5_1_e1b92573.
              [Warning] Error: COM52006: Invalid value defined for ComSignalInitValue: "null".
                          Extract Path: /BMW/SystemDescription/EcuInstances/EPS/con_EPS_A_FlexRay/sigPort_EPS_A_FlexRay_IN
                          Ecuc    Path: /Com/ComConfig/sn_8e1fc510f7a3427998068160382540c0_4_21fe3f3f6c7244818f57f1c3c8c46f0f_1_262fad9b.
              [Warning] Error: COM52006: Invalid value defined for ComSignalInitValue: "null".
                          Extract Path: /BMW/SystemDescription/EcuInstances/EPS/con_EPS_A_FlexRay/sigPort_EPS_A_FlexRay_IN
                          Ecuc    Path: /Com/ComConfig/sn_8e1fc510f7a3427998068160382540c0_4_84e2267531a54593b0ba6603319c899d_1_262fad9b.
              [Warning] Error: COM52006: Invalid value defined for ComSignalInitValue: "null".
                          Extract Path: /BMW/SystemDescription/EcuInstances/EPS/con_EPS_A_FlexRay/sigPort_EPS_A_FlexRay_IN
                          Ecuc    Path: /Com/ComConfig/sn_8e1fc510f7a3427998068160382540c0_4_c8ce6b50abf248f0b72cde93f56ad0ff_1_262fad9b.
              [Warning] Error: COM52006: Invalid value defined for ComSignalInitValue: "null".
                          Extract Path: /BMW/SystemDescription/EcuInstances/EPS/con_EPS_A_FlexRay/sigPort_EPS_A_FlexRay_OUT
                          Ecuc    Path: /Com/ComConfig/DBG_EPS_BS_MOD_58_BYTE_CHOV_DBG_MOD_EPS_1182661c.
              [Warning] Error: COM52006: Invalid value defined for ComSignalInitValue: "null".
                          Extract Path: /BMW/SystemDescription/EcuInstances/EPS/con_EPS_A_FlexRay/sigPort_EPS_A_FlexRay_OUT
                          Ecuc    Path: /Com/ComConfig/sn_03a68de7c576470bbe5c65893688a981_2_1d95be4f9b5642d8ad66a452046dc075_2_1182661c.
              [Warning] Error: COM52006: Invalid value defined for ComSignalInitValue: "null".
                          Extract Path: /BMW/SystemDescription/EcuInstances/EPS/con_EPS_A_FlexRay/sigPort_EPS_A_FlexRay_OUT
                          Ecuc    Path: /Com/ComConfig/DBG_EPS_MOD_EXT_120_BYTE_CHOV_DBG_MOD_EPS_8a0e8110.
              [Warning] Error: COM52006: Invalid value defined for ComSignalInitValue: "null".
                          Extract Path: /BMW/SystemDescription/EcuInstances/EPS/con_EPS_A_FlexRay/sigPort_EPS_A_FlexRay_OUT
                          Ecuc    Path: /Com/ComConfig/sn_1d8c8b7c4f314df494349db3e54a099c_3_0751acece3ed45e28561953fa2cf0d8a_2_8a0e8110.
              [Warning] Error: COM52006: Invalid value defined for ComSignalInitValue: "null".
                          Extract Path: /BMW/SystemDescription/EcuInstances/EPS/con_EPS_A_FlexRay/sigPort_EPS_A_FlexRay_IN
                          Ecuc    Path: /Com/ComConfig/sn_d8833aa6063240d791b5384f59f75d9a_13_35c5d363e5eb40db9e554c7d4cab4463_5_afa1da25.
              [Warning] Error: COM52006: Invalid value defined for ComSignalInitValue: "null".
                          Extract Path: /BMW/SystemDescription/EcuInstances/EPS/con_EPS_A_FlexRay/sigPort_EPS_A_FlexRay_OUT
                          Ecuc    Path: /Com/ComConfig/sn_0c0ed9ed2c324b648cea19ccfdcf4017_2_e716efb46a29429ebef5b7d5737ff0c0_2_3b1b8e1f.
              [Warning] Error: COM52006: Invalid value defined for ComSignalInitValue: "null".
                          Extract Path: /BMW/SystemDescription/EcuInstances/EPS/con_EPS_A_FlexRay/sigPort_EPS_A_FlexRay_IN
                          Ecuc    Path: /Com/ComConfig/sn_677e18af96434b57a7947ca5849af5e4_4_db6644741d2e4213ad1bbd931a41dee0_3_a1887d97.
              [Warning] Error: COM52006: Invalid value defined for ComSignalInitValue: "null".
                          Extract Path: /BMW/SystemDescription/EcuInstances/EPS/con_EPS_A_FlexRay/sigPort_EPS_A_FlexRay_IN
                          Ecuc    Path: /Com/ComConfig/sn_47c848be64324d52af177d4eda36b369_12_27e33d21d6a8482f85f2064fac78c9e8_4_8f561bce.
              [Warning] Error: COM52006: Invalid value defined for ComSignalInitValue: "null".
                          Extract Path: /BMW/SystemDescription/EcuInstances/EPS/con_EPS_A_FlexRay/sigPort_EPS_A_FlexRay_IN
                          Ecuc    Path: /Com/ComConfig/sn_47c848be64324d52af177d4eda36b369_12_d340d69f4388438e9ec7442ceae02261_3_8f561bce.
              [Warning] Error: COM52006: Invalid value defined for ComSignalInitValue: "null".
                          Extract Path: /BMW/SystemDescription/EcuInstances/EPS/con_EPS_A_FlexRay/sigPort_EPS_A_FlexRay_IN
                          Ecuc    Path: /Com/ComConfig/sn_209e4b614ee044c4bbf1020e8ad2a6e0_10_d2a8dd49e0f74a499b91350a40cf3a4b_5_605eb7ca.
              [Warning] Error: COM52006: Invalid value defined for ComSignalInitValue: "null".
                          Extract Path: /BMW/SystemDescription/EcuInstances/EPS/con_EPS_A_FlexRay/sigPort_EPS_A_FlexRay_IN
                          Ecuc    Path: /Com/ComConfig/sn_acb3c9a426bf4887ba724efd428ad5a4_3_ad2096213c0c47a78c10b4a8c5667464_7_7e6a2fc7.
              [Warning] Error: COM52006: Invalid value defined for ComSignalInitValue: "null".
                          Extract Path: /BMW/SystemDescription/EcuInstances/EPS/con_EPS_A_FlexRay/sigPort_EPS_A_FlexRay_OUT
                          Ecuc    Path: /Com/ComConfig/RQ_STG_EFAN_ID2_f361cf54.
              [Warning] Error: COM52006: Invalid value defined for ComSignalInitValue: "null".
                          Extract Path: /BMW/SystemDescription/EcuInstances/EPS/con_EPS_A_FlexRay/sigPort_EPS_A_FlexRay_OUT
                          Ecuc    Path: /Com/ComConfig/sn_2d91f731ef854e209f0a9d17b0596648_8_44efad82ff2147cdb10b6291c8cbea3f_3_f361cf54.
              [Warning] Error: COM52006: Invalid value defined for ComSignalInitValue: "null".
                          Extract Path: /BMW/SystemDescription/EcuInstances/EPS/con_EPS_A_FlexRay/sigPort_EPS_A_FlexRay_OUT
                          Ecuc    Path: /Com/ComConfig/sn_2d91f731ef854e209f0a9d17b0596648_8_5c6ec9e5beec46c09ef86c7818a9cbf6_3_f361cf54.
              [Warning] Error: COM52006: Invalid value defined for ComSignalInitValue: "null".
                          Extract Path: /BMW/SystemDescription/EcuInstances/EPS/con_EPS_A_FlexRay/sigPort_EPS_A_FlexRay_OUT
                          Ecuc    Path: /Com/ComConfig/sn_2d91f731ef854e209f0a9d17b0596648_8_6c1ea235872142cfbe3d872d17caa2ae_3_f361cf54.
              [Warning] Error: COM52006: Invalid value defined for ComSignalInitValue: "null".
                          Extract Path: /BMW/SystemDescription/EcuInstances/EPS/con_EPS_A_FlexRay/sigPort_EPS_A_FlexRay_OUT
                          Ecuc    Path: /Com/ComConfig/sn_2d91f731ef854e209f0a9d17b0596648_8_c06c9dcca09a433db7ff26cc5c43b9ad_5_f361cf54.
              [Warning] Error: COM52006: Invalid value defined for ComSignalInitValue: "null".
                          Extract Path: /BMW/SystemDescription/EcuInstances/EPS/con_EPS_A_FlexRay/sigPort_EPS_A_FlexRay_OUT
                          Ecuc    Path: /Com/ComConfig/SECU_CHAL_ID2_2a1be51a.
              [Warning] Error: COM52006: Invalid value defined for ComSignalInitValue: "null".
                          Extract Path: /BMW/SystemDescription/EcuInstances/EPS/con_EPS_A_FlexRay/sigPort_EPS_A_FlexRay_IN
                          Ecuc    Path: /Com/ComConfig/SECU_RESP_ID2_a6936a2f.
              [Warning] Error: COM52006: Invalid value defined for ComSignalInitValue: "null".
                          Extract Path: /BMW/SystemDescription/EcuInstances/EPS/con_EPS_A_FlexRay/sigPort_EPS_A_FlexRay_IN
                          Ecuc    Path: /Com/ComConfig/sn_55e086fa3cb3405c9e0849033f661450_11_389ce921618246489b7062f81bb683c4_4_e39ca898.
              [Warning] Error: COM52006: Invalid value defined for ComSignalInitValue: "null".
                          Extract Path: /BMW/SystemDescription/EcuInstances/EPS/con_EPS_A_FlexRay/sigPort_EPS_A_FlexRay_IN
                          Ecuc    Path: /Com/ComConfig/sn_6e55c14d93c64aaa86e33b57aac2ae43_9_19b3ebba571d40978c473fbc372b3866_1_36f7a929.
              [Warning] Error: COM52006: Invalid value defined for ComSignalInitValue: "null".
                          Extract Path: /BMW/SystemDescription/EcuInstances/EPS/con_EPS_A_FlexRay/sigPort_EPS_A_FlexRay_IN
                          Ecuc    Path: /Com/ComConfig/sn_6e55c14d93c64aaa86e33b57aac2ae43_9_42056696541e44238d7385d322aa3305_4_36f7a929.
              [Warning] Error: COM52006: Invalid value defined for ComSignalInitValue: "null".
                          Extract Path: /BMW/SystemDescription/EcuInstances/EPS/con_EPS_A_FlexRay/sigPort_EPS_A_FlexRay_IN
                          Ecuc    Path: /Com/ComConfig/sn_6e55c14d93c64aaa86e33b57aac2ae43_9_663c7f2797d74e12bbabeb2d22f7ba12_3_36f7a929.
              [Warning] Error: COM52006: Invalid value defined for ComSignalInitValue: "null".
                          Extract Path: /BMW/SystemDescription/EcuInstances/EPS/con_EPS_A_FlexRay/sigPort_EPS_A_FlexRay_IN
                          Ecuc    Path: /Com/ComConfig/sn_6e55c14d93c64aaa86e33b57aac2ae43_9_9c391600986c4bfcac5985aa50535648_4_36f7a929.
              [Warning] Error: COM52006: Invalid value defined for ComSignalInitValue: "null".
                          Extract Path: /BMW/SystemDescription/EcuInstances/EPS/con_EPS_A_FlexRay/sigPort_EPS_A_FlexRay_IN
                          Ecuc    Path: /Com/ComConfig/sn_6e55c14d93c64aaa86e33b57aac2ae43_9_a49f1a757dbb42f99b42ad072723479a_2_36f7a929.
              [Warning] Error: COM52006: Invalid value defined for ComSignalInitValue: "null".
                          Extract Path: /BMW/SystemDescription/EcuInstances/EPS/con_EPS_A_FlexRay/sigPort_EPS_A_FlexRay_IN
                          Ecuc    Path: /Com/ComConfig/sn_6e55c14d93c64aaa86e33b57aac2ae43_9_fb20730d9415410f9e3bc21bb71c92b8_2_36f7a929.
              [Warning] Error: COM52006: Invalid value defined for ComSignalInitValue: "null".
                          Extract Path: /BMW/SystemDescription/EcuInstances/EPS/con_EPS_A_FlexRay/sigPort_EPS_A_FlexRay_IN
                          Ecuc    Path: /Com/ComConfig/sn_085b67cff4b142a59fb46d892b9938f0_15_91a4644db3794ecd81aa7b3ba03f0ae0_3_6c696df6.
              [Warning] Error: COM52006: Invalid value defined for ComSignalInitValue: "null".
                          Extract Path: /BMW/SystemDescription/EcuInstances/EPS/con_EPS_A_FlexRay/sigPort_EPS_A_FlexRay_IN
                          Ecuc    Path: /Com/ComConfig/sn_085b67cff4b142a59fb46d892b9938f0_15_fdd79fd1376744b592ab1dd909dcc64c_5_6c696df6.
              [Warning] Error: COM52006: Invalid value defined for ComSignalInitValue: "null".
                          Extract Path: /BMW/SystemDescription/EcuInstances/EPS/con_EPS_A_FlexRay/sigPort_EPS_A_FlexRay_IN
                          Ecuc    Path: /Com/ComConfig/sn_3e35ac63fc494d0fb399c763aeb7057b_24_e92786ce091d4130a2deaffa00e99dac_12_a08a0405.
              [Warning] Error: COM52006: Invalid value defined for ComSignalInitValue: "null".
                          Extract Path: /BMW/SystemDescription/EcuInstances/EPS/con_EPS_A_FlexRay/sigPort_EPS_A_FlexRay_IN
                          Ecuc    Path: /Com/ComConfig/sn_04b89dc3c26d4ca08465c4eec950ef56_8_1ef5db97b1344b9b93faeb7438eb9f92_3_3bc7fd4a.
              [Warning] Error: COM52006: Invalid value defined for ComSignalInitValue: "null".
                          Extract Path: /BMW/SystemDescription/EcuInstances/EPS/con_EPS_A_FlexRay/sigPort_EPS_A_FlexRay_IN
                          Ecuc    Path: /Com/ComConfig/sn_04b89dc3c26d4ca08465c4eec950ef56_8_5c4106f5d9894a4e97dd9baa72070138_2_3bc7fd4a.
              [Warning] FRIF11007: MultiplexedIPdu contains PDUs with unused ISignals (missing RX SignalPort). Therefore the parameter "FrIfUserRxIndicationUL" is set to CDD.
                          Extract Path: /BMW/SystemDescription/Pdus/SVC
                          Ecuc    Path: /FrIf/FrIfConfig/SVC_In/FrIfPduDirection/FrIfRxPdu_SVC.
              [Warning] FRIF11008: MultiplexedIPdu contains PDUs with unused ISignals (missing TX SignalPort). Therefore the parameter "FrIfUserTxUL" is set to CDD.
                          Extract Path: /BMW/SystemDescription/Pdus/SVC
                          Ecuc    Path: /FrIf/FrIfConfig/SVC_Out/FrIfPduDirection/FrIfTxPdu_SVC.
 13:55:23 - Action 'Import Project Standard Configuration' started.
 13:55:23 - Action 'Import modules' started.
              [Warning] Found duplicate PSC Module 'Dcm'. Reason: Found more then one project standard configurations for the module 'Dcm'. Only the last occurence of the module configuration will be used.
              [Warning] Warnings during import for PSC Module 'EcuC'. Reason: Some errors/warnings occured during module configuration import:
                         Applying project standard configuration...
                           1. Existing module configuration 'EcuC' at '/InitialEcuC/EcuC' is overrwritten by project standard configuration.
                           2. Existing container 'EcucPduCollection' at '/InitialEcuC/EcuC/EcucPduCollection' is overrwritten by project standard configuration.
                           3. Existing parameter 'PduIdTypeEnum' at '/InitialEcuC/EcuC/EcucPduCollection[0:PduIdTypeEnum]' is overrwritten by project standard configuration.
                           4. Existing parameter 'PduLengthTypeEnum' at '/InitialEcuC/EcuC/EcucPduCollection[0:PduLengthTypeEnum]' is overrwritten by project standard configuration.
                        .
              [Warning] Warnings during import for PSC Module 'PduR'. Reason: Some errors/warnings occured during module configuration import:
                         Applying project standard configuration...
                           1. Existing module configuration 'PduR' at '/InitialEcuC/PduR' is overrwritten by project standard configuration.
                           2. Existing container 'PduRGeneral' at '/InitialEcuC/PduR/PduRGeneral' is overrwritten by project standard configuration.
                           3. Existing container 'PduRRoutingTables' at '/InitialEcuC/PduR/PduRRoutingTables' is overrwritten by project standard configuration.
                           4. Existing container 'PduRRoutingTable' at '/InitialEcuC/PduR/PduRRoutingTables/PduRRoutingTable' is overrwritten by project standard configuration.
                        .
 13:55:30 - Action 'Import modules' successfully finished with warnings.
                 [Warning] Found duplicate PSC Module 'Dcm'. Reason: Found more then one project standard configurations for the module 'Dcm'. Only the last occurence of the module configuration will be used.
 13:55:30 - Action 'Postprocessing' started.
 13:55:30 - Action 'Postprocessing' successfully finished.
 13:55:30 - Action 'Import Project Standard Configuration' finished.
 13:55:30 - Action 'Validation and Auto-Solving-Actions' started.
 13:55:32 - Action 'Validation and Auto-Solving-Actions' successfully finished.
 13:55:32 - Action 'Generate ECU configuration' successfully finished with warnings.
                 [Warning] Error: COM52006: Invalid value defined for ComSignalInitValue: "null".
                   Extract Path: /BMW/SystemDescription/EcuInstances/EPS/con_EPS_A_FlexRay/sigPort_EPS_A_FlexRay_IN
                   Ecuc    Path: /Com/ComConfig/ANFRAGE_ID2_434514f6_In.
 13:55:32 - Action 'Update Pre-Processing' started.
 13:55:32 - Action 'Update Pre-Processing' started.
 13:55:32 - Action 'Update Pre-Processing' successfully finished.
 13:55:32 - Action 'Update Pre-Processing' successfully finished.
 13:55:32 - Action 'Update ECU configuration' started.
 13:55:42 - Action 'Update ECU configuration' successfully finished.
 13:55:42 - Action 'Updating the project' finished.
 13:55:42 - Action 'Adapt project file' started.
 13:55:42 - Action 'Adapt project file' successfully finished.
 13:55:42 - Action 'Generate update report' started.
 13:55:55 - Action 'Generate update report' successfully finished.
 13:55:55 - Action 'Execute update-specific solving actions' started.
              [Warning] [Warning] No AUTOSAR standard definition found for module: IoHwAb.
 13:56:07 - Action 'Execute update-specific solving actions' successfully finished with warnings.
                 [Warning] No AUTOSAR standard definition found for module: IoHwAb.
 13:56:07 - Action 'Update RTE configuration' started.
              [Warning] [Warning] No AUTOSAR standard definition found for module: IoHwAb.
 13:56:17 - Action 'Update RTE configuration' successfully finished with warnings.
                 [Warning] No AUTOSAR standard definition found for module: IoHwAb.
 13:56:17 - Action 'Align differences after successful update' started.
 13:56:18 - Action 'Align differences after successful update' successfully finished.
 13:56:18 - Action 'Clean up update data' started.
 13:56:18 - Action 'Clean up update data' successfully finished.
 13:56:19 - Action 'Open Project' started.
 13:56:28 - Action 'Open Project' successfully finished.
13:56:32 - Workflow 'Update workflow.' finished.
